Build started 10/2/2015 12:35:31 AM.
     1>Project "C:\Users\Keenan Gray\Documents\Visual Studio 2013\Projects\PunchBowl\PunchBowl\PunchBowl.vcxproj" on node 2 (Rebuild target(s)).
     1>ClCompile:
         C:\Program Files (x86)\Microsoft Visual Studio 12.0\VC\bin\CL.exe /c /I"..\..\dragonfly-lwang5\include" /I"..\..\SFML-2.3\include" /ZI /nologo /W3 /WX- /sdl /Od /Oy- /D _MBCS /Gm /EHsc /RTC1 /MDd /GS /fp:precise /Zc:wchar_t /Zc:forScope /Fo"Debug\\" /Fd"Debug\vc120.pdb" /Gd /TP /analyze- /errorReport:prompt ..\include\character\Character.cpp ..\include\character\CharTest.cpp ..\include\character\RobotCharacter.cpp ..\include\game.cpp ..\include\Organizer.cpp ..\include\Platform.cpp ..\include\stage\Stage.cpp ..\include\stage\UltimateTerminal.cpp
         UltimateTerminal.cpp
         Stage.cpp
         Platform.cpp
         Organizer.cpp
         game.cpp
     1>c:\users\keenan gray\documents\visual studio 2013\projects\punchbowl\include\character\character.h(34): warning C4305: 'initializing' : truncation from 'double' to 'const float'
         RobotCharacter.cpp
         CharTest.cpp
     1>c:\users\keenan gray\documents\visual studio 2013\projects\punchbowl\include\character\character.h(34): warning C4305: 'initializing' : truncation from 'double' to 'const float'
         Character.cpp
     1>c:\users\keenan gray\documents\visual studio 2013\projects\punchbowl\include\character\character.h(34): warning C4305: 'initializing' : truncation from 'double' to 'const float'
     1>c:\users\keenan gray\documents\visual studio 2013\projects\punchbowl\include\character\character.cpp(135): warning C4244: 'argument' : conversion from 'double' to 'float', possible loss of data
     1>c:\users\keenan gray\documents\visual studio 2013\projects\punchbowl\include\character\character.cpp(144): warning C4244: 'argument' : conversion from 'double' to 'float', possible loss of data
     1>c:\users\keenan gray\documents\visual studio 2013\projects\punchbowl\include\character\character.cpp(152): warning C4305: 'argument' : truncation from 'double' to 'float'
     1>c:\users\keenan gray\documents\visual studio 2013\projects\punchbowl\include\character\character.cpp(153): warning C4244: 'argument' : conversion from 'double' to 'float', possible loss of data
     1>c:\users\keenan gray\documents\visual studio 2013\projects\punchbowl\include\character\character.cpp(165): warning C4244: 'argument' : conversion from 'double' to 'float', possible loss of data
     1>c:\users\keenan gray\documents\visual studio 2013\projects\punchbowl\include\character\character.cpp(170): warning C4244: 'argument' : conversion from 'double' to 'float', possible loss of data
     1>c:\users\keenan gray\documents\visual studio 2013\projects\punchbowl\include\character\character.cpp(181): warning C4244: 'argument' : conversion from 'double' to 'float', possible loss of data
     1>c:\users\keenan gray\documents\visual studio 2013\projects\punchbowl\include\character\character.cpp(185): warning C4244: 'argument' : conversion from 'double' to 'float', possible loss of data
     1>c:\users\keenan gray\documents\visual studio 2013\projects\punchbowl\include\character\character.cpp(292): warning C4305: 'argument' : truncation from 'double' to 'float'
         Generating Code...
       Link:
         C:\Program Files (x86)\Microsoft Visual Studio 12.0\VC\bin\link.exe /ERRORREPORT:PROMPT /OUT:"C:\Users\Keenan Gray\Documents\Visual Studio 2013\Projects\PunchBowl\Debug\PunchBowl.exe" /INCREMENTAL /NOLOGO /LIBPATH:"..\..\dragonfly-lwang5\lwang-engine\Debug" /LIBPATH:"..\..\SFML-2.3\lib" "sfml-graphics-d.lib" "sfml-window-d.lib" "sfml-audio-d.lib" "sfml-network-d.lib" "sfml-system-d.lib" "lwang-engine.lib" kernel32.lib user32.lib gdi32.lib winspool.lib comdlg32.lib advapi32.lib shell32.lib ole32.lib oleaut32.lib uuid.lib odbc32.lib odbccp32.lib /MANIFEST /MANIFESTUAC:"level='asInvoker' uiAccess='false'" /manifest:embed /DEBUG /PDB:"C:\Users\Keenan Gray\Documents\Visual Studio 2013\Projects\PunchBowl\Debug\PunchBowl.pdb" /TLBID:1 /DYNAMICBASE /NXCOMPAT /IMPLIB:"C:\Users\Keenan Gray\Documents\Visual Studio 2013\Projects\PunchBowl\Debug\PunchBowl.lib" /MACHINE:X86 Debug\Character.obj
         Debug\CharTest.obj
         Debug\RobotCharacter.obj
         Debug\game.obj
         Debug\Organizer.obj
         Debug\Platform.obj
         Debug\Stage.obj
         Debug\UltimateTerminal.obj
         PunchBowl.vcxproj -> C:\Users\Keenan Gray\Documents\Visual Studio 2013\Projects\PunchBowl\Debug\PunchBowl.exe
     1>Done Building Project "C:\Users\Keenan Gray\Documents\Visual Studio 2013\Projects\PunchBowl\PunchBowl\PunchBowl.vcxproj" (Rebuild target(s)).

Build succeeded.

Time Elapsed 00:00:04.93
